# JRE version: OpenJDK Runtime Environment (17.0.6) (build 17.0.6+0-b2043.56-9586694)
# Java VM: OpenJDK 64-Bit Server VM (17.0.6+0-b2043.56-9586694, mixed mode, tiered, compressed oops, compressed class ptrs, g1 gc, windows-amd64)
GC Precious Log:
 CPUs: 8 total, 8 available
 Memory: 8052M
 Large Page Support: Disabled
 NUMA Support: Disabled
 Compressed Oops: Enabled (32-bit)
 Heap Region Size: 1M
 Heap Min Capacity: 8M
 Heap Initial Capacity: 126M
 Heap Max Capacity: 2G
 Pre-touch: Disabled
 Parallel Workers: 8
 Concurrent Workers: 2
 Concurrent Refinement Workers: 8
 Periodic GC: Disabled
Heap:
 garbage-first heap   total 357376K, used 157045K [0x0000000080000000, 0x0000000100000000)
  region size 1024K, 9 young (9216K), 9 survivors (9216K)
 Metaspace       used 135845K, committed 136960K, reserved 1171456K
  class space    used 18184K, committed 18688K, reserved 1048576K
GC Heap History (20 events):
Event: 1157.562 GC heap after
{Heap after GC invocations=66 (full 0):
 garbage-first heap   total 357376K, used 123323K [0x0000000080000000, 0x0000000100000000)
  region size 1024K, 3 young (3072K), 3 survivors (3072K)
 Metaspace       used 134594K, committed 135616K, reserved 1171456K
  class space    used 18135K, committed 18624K, reserved 1048576K
}
Event: 1159.941 GC heap before
{Heap before GC invocations=66 (full 0):
 garbage-first heap   total 357376K, used 144827K [0x0000000080000000, 0x0000000100000000)
  region size 1024K, 25 young (25600K), 3 survivors (3072K)
 Metaspace       used 134660K, committed 135680K, reserved 1171456K
  class space    used 18136K, committed 18624K, reserved 1048576K
}
Event: 1160.005 GC heap after
{Heap after GC invocations=67 (full 0):
 garbage-first heap   total 357376K, used 126444K [0x0000000080000000, 0x0000000100000000)
  region size 1024K, 6 young (6144K), 6 survivors (6144K)
 Metaspace       used 134660K, committed 135680K, reserved 1171456K
  class space    used 18136K, committed 18624K, reserved 1048576K
}
Event: 1168.490 GC heap before
{Heap before GC invocations=68 (full 0):
 garbage-first heap   total 357376K, used 225772K [0x0000000080000000, 0x0000000100000000)
  region size 1024K, 85 young (87040K), 6 survivors (6144K)
 Metaspace       used 134758K, committed 135808K, reserved 1171456K
  class space    used 18137K, committed 18624K, reserved 1048576K
}
Event: 1168.526 GC heap after
{Heap after GC invocations=69 (full 0):
 garbage-first heap   total 357376K, used 131725K [0x0000000080000000, 0x0000000100000000)
  region size 1024K, 11 young (11264K), 11 survivors (11264K)
 Metaspace       used 134758K, committed 135808K, reserved 1171456K
  class space    used 18137K, committed 18624K, reserved 1048576K
}
Event: 1168.548 GC heap before
{Heap before GC invocations=69 (full 0):
 garbage-first heap   total 357376K, used 136845K [0x0000000080000000, 0x0000000100000000)
  region size 1024K, 17 young (17408K), 11 survivors (11264K)
 Metaspace       used 134758K, committed 135808K, reserved 1171456K
  class space    used 18137K, committed 18624K, reserved 1048576K
}
Event: 1168.636 GC heap after
{Heap after GC invocations=70 (full 0):
 garbage-first heap   total 357376K, used 131217K [0x0000000080000000, 0x0000000100000000)
  region size 1024K, 3 young (3072K), 3 survivors (3072K)
 Metaspace       used 134758K, committed 135808K, reserved 1171456K
  class space    used 18137K, committed 18624K, reserved 1048576K
}
Event: 1186.484 GC heap before
{Heap before GC invocations=70 (full 0):
 garbage-first heap   total 357376K, used 220305K [0x0000000080000000, 0x0000000100000000)
  region size 1024K, 92 young (94208K), 3 survivors (3072K)
 Metaspace       used 134847K, committed 135872K, reserved 1171456K
  class space    used 18138K, committed 18624K, reserved 1048576K
}
Event: 1186.600 GC heap after
{Heap after GC invocations=71 (full 0):
 garbage-first heap   total 357376K, used 129271K [0x0000000080000000, 0x0000000100000000)
  region size 1024K, 1 young (1024K), 1 survivors (1024K)
 Metaspace       used 134847K, committed 135872K, reserved 1171456K
  class space    used 18138K, committed 18624K, reserved 1048576K
}
Event: 1445.868 GC heap before
{Heap before GC invocations=72 (full 0):
 garbage-first heap   total 357376K, used 320759K [0x0000000080000000, 0x0000000100000000)
  region size 1024K, 160 young (163840K), 1 survivors (1024K)
 Metaspace       used 135401K, committed 136448K, reserved 1171456K
  class space    used 18151K, committed 18688K, reserved 1048576K
}
Event: 1446.062 GC heap after
{Heap after GC invocations=73 (full 0):
 garbage-first heap   total 357376K, used 134798K [0x0000000080000000, 0x0000000100000000)
  region size 1024K, 7 young (7168K), 7 survivors (7168K)
 Metaspace       used 135401K, committed 136448K, reserved 1171456K
  class space    used 18151K, committed 18688K, reserved 1048576K
}
Event: 1446.686 GC heap before
{Heap before GC invocations=73 (full 0):
 garbage-first heap   total 357376K, used 145038K [0x0000000080000000, 0x0000000100000000)
  region size 1024K, 17 young (17408K), 7 survivors (7168K)
 Metaspace       used 135451K, committed 136576K, reserved 1171456K
  class space    used 18152K, committed 18688K, reserved 1048576K
}
Event: 1446.847 GC heap after
{Heap after GC invocations=74 (full 0):
 garbage-first heap   total 357376K, used 134033K [0x0000000080000000, 0x0000000100000000)
  region size 1024K, 2 young (2048K), 2 survivors (2048K)
 Metaspace       used 135451K, committed 136576K, reserved 1171456K
  class space    used 18152K, committed 18688K, reserved 1048576K
}
Event: 1447.069 GC heap before
{Heap before GC invocations=74 (full 0):
 garbage-first heap   total 357376K, used 139153K [0x0000000080000000, 0x0000000100000000)
  region size 1024K, 9 young (9216K), 2 survivors (2048K)
 Metaspace       used 135456K, committed 136576K, reserved 1171456K
  class space    used 18152K, committed 18688K, reserved 1048576K
}
Event: 1447.116 GC heap after
{Heap after GC invocations=75 (full 0):
 garbage-first heap   total 357376K, used 134113K [0x0000000080000000, 0x0000000100000000)
  region size 1024K, 2 young (2048K), 2 survivors (2048K)
 Metaspace       used 135456K, committed 136576K, reserved 1171456K
  class space    used 18152K, committed 18688K, reserved 1048576K
}
Event: 1571.756 GC heap before
{Heap before GC invocations=76 (full 0):
 garbage-first heap   total 357376K, used 315361K [0x0000000080000000, 0x0000000100000000)
  region size 1024K, 159 young (162816K), 2 survivors (2048K)
 Metaspace       used 135822K, committed 136896K, reserved 1171456K
  class space    used 18184K, committed 18688K, reserved 1048576K
}
Event: 1572.043 GC heap after
{Heap after GC invocations=77 (full 0):
 garbage-first heap   total 357376K, used 156343K [0x0000000080000000, 0x0000000100000000)
  region size 1024K, 20 young (20480K), 20 survivors (20480K)
 Metaspace       used 135822K, committed 136896K, reserved 1171456K
  class space    used 18184K, committed 18688K, reserved 1048576K
}
Event: 1572.075 GC heap before
{Heap before GC invocations=77 (full 0):
 garbage-first heap   total 357376K, used 156343K [0x0000000080000000, 0x0000000100000000)
  region size 1024K, 21 young (21504K), 20 survivors (20480K)
 Metaspace       used 135822K, committed 136896K, reserved 1171456K
  class space    used 18184K, committed 18688K, reserved 1048576K
}
Event: 1572.268 GC heap after
{Heap after GC invocations=78 (full 0):
 garbage-first heap   total 357376K, used 149336K [0x0000000080000000, 0x0000000100000000)
  region size 1024K, 2 young (2048K), 2 survivors (2048K)
 Metaspace       used 135822K, committed 136896K, reserved 1171456K
  class space    used 18184K, committed 18688K, reserved 1048576K
}
Event: 1573.753 GC heap before
{Heap before GC invocations=78 (full 0):
 garbage-first heap   total 357376K, used 183128K [0x0000000080000000, 0x0000000100000000)
  region size 1024K, 37 young (37888K), 2 survivors (2048K)
 Metaspace       used 135845K, committed 136960K, reserved 1171456K
  class space    used 18184K, committed 18688K, reserved 1048576K
}

